<?xml version="1.0" encoding="UTF-8"?>
<!-- Generated by org.testng.reporters.JUnitReportReporter -->
<testsuite skipped="0" hostname="DESKTOP-JF602DO" name="assignments.Facebook" tests="1" failures="0" timestamp="25 Apr 2020 12:51:27 GMT" time="34.584" errors="0">
  <testcase name="FB" time="34.584" classname="assignments.Facebook"/>
</testsuite> <!-- assignments.Facebook -->
