<?xml version="1.0" encoding="UTF-8"?>
<!-- Generated by org.testng.reporters.JUnitReportReporter -->
<testsuite skipped="0" hostname="DESKTOP-JF602DO" name="assignments.gmail" tests="1" failures="0" timestamp="25 Apr 2020 10:14:39 GMT" time="39.136" errors="0">
  <testcase name="mail" time="39.136" classname="assignments.gmail"/>
</testsuite> <!-- assignments.gmail -->
