<?xml version="1.0" encoding="UTF-8"?>
<!-- Generated by org.testng.reporters.JUnitReportReporter -->
<testsuite skipped="0" hostname="DESKTOP-JF602DO" name="sprint_1.sprint2" tests="6" failures="0" timestamp="25 Apr 2020 11:08:59 GMT" time="0.064" errors="0">
  <testcase name="tc04" time="0.017" classname="sprint_1.sprint2"/>
  <testcase name="tc04" time="0.006" classname="sprint_1.sprint2"/>
  <testcase name="tc04" time="0.005" classname="sprint_1.sprint2"/>
  <testcase name="tc04" time="0.022" classname="sprint_1.sprint2"/>
  <testcase name="tc04" time="0.009" classname="sprint_1.sprint2"/>
  <testcase name="tc04" time="0.005" classname="sprint_1.sprint2"/>
</testsuite> <!-- sprint_1.sprint2 -->
